\BOOKMARK [1][-]{section*.1}{Introduction}{}% 1
\BOOKMARK [1][-]{section*.5}{Part A: Conical Refraction Essentials}{}% 2
\BOOKMARK [2][-]{section*.6}{1. The Revival of Conical Refraction }{section*.5}% 3
\BOOKMARK [2][-]{section*.7}{2. Berry's Mathematical Description of the Phenomenon }{section*.5}% 4
\BOOKMARK [2][-]{section*.8}{3. Simulating the Phenomenon }{section*.5}% 5
\BOOKMARK [2][-]{section*.9}{4. A Natural Polarimeter }{section*.5}% 6
\BOOKMARK [2][-]{section*.10}{Apppendix : Jones and Stokes Representations of Polarization }{section*.5}% 7
\BOOKMARK [1][-]{section*.11}{Part B: Designing the Hardware}{}% 8
\BOOKMARK [2][-]{section*.12}{1. Experimental Implementations of the Polarimeter}{section*.11}% 9
\BOOKMARK [2][-]{section*.13}{2. Main Non-Idealities in the Experimental Rings}{section*.11}% 10
\BOOKMARK [2][-]{section*.14}{3. Proof of Concepts}{section*.11}% 11
\BOOKMARK [2][-]{section*.15}{Appendix : Employed Optical Elements}{section*.11}% 12
\BOOKMARK [1][-]{section*.16}{Part C: Designing the Software}{}% 13
\BOOKMARK [2][-]{section*.17}{1. Artificial Noise Generation}{section*.16}% 14
\BOOKMARK [2][-]{section*.18}{2. Simulated Image Datasets}{section*.16}% 15
\BOOKMARK [2][-]{section*.19}{3. Embedding Space Algorithms}{section*.16}% 16
\BOOKMARK [3][-]{section*.20}{3.1. Data Manifold Dimension Identification}{section*.19}% 17
\BOOKMARK [3][-]{section*.21}{3.2. Metric Learning}{section*.19}% 18
\BOOKMARK [3][-]{section*.22}{3.3. Nearest Neighbors}{section*.19}% 19
\BOOKMARK [2][-]{section*.23}{3. Geometric Algorithms}{section*.16}% 20
\BOOKMARK [2][-]{section*.24}{4. Simulation Fitting Algorithms }{section*.16}% 21
\BOOKMARK [2][-]{section*.25}{5. Looking for the Best Algorithm and Pre-processing }{section*.16}% 22
\BOOKMARK [2][-]{section*.26}{Appendix : The Implemented Optimizers }{section*.16}% 23
\BOOKMARK [1][-]{section*.27}{Part D: The Final Device}{}% 24
\BOOKMARK [2][-]{section*.28}{1. Performance on Experimental Data }{section*.27}% 25
\BOOKMARK [2][-]{section*.29}{2. Commercial Polarimeters }{section*.27}% 26
\BOOKMARK [2][-]{section*.30}{3. Potential Niches }{section*.27}% 27
\BOOKMARK [1][-]{section*.31}{Conclusions}{}% 28
\BOOKMARK [1][-]{section*.32}{References}{}% 29
